19:49:22.524 [main] INFO  oct1_log4jframework.LogfileImpl - Trying to find Element By : By.xpath: //header/div[2]/div[1]/div[1]/nav[1]/div[2]/a[1]
19:49:22.579 [main] INFO  oct1_log4jframework.LogfileImpl - Found Element By : By.xpath: //header/div[2]/div[1]/div[1]/nav[1]/div[2]/a[1]
19:49:22.585 [main] INFO  oct1_log4jframework.LogfileImpl - Trying to click on: [[ChromeDriver: chrome on WINDOWS (b71f9b6dc85f564b9ab584fa4aa875bd)] -> xpath: //header/div[2]/div[1]/div[1]/nav[1]/div[2]/a[1]]
19:49:24.335 [main] INFO  oct1_log4jframework.LogfileImpl - Clicked on: [[ChromeDriver: chrome on WINDOWS (b71f9b6dc85f564b9ab584fa4aa875bd)] -> xpath: //header/div[2]/div[1]/div[1]/nav[1]/div[2]/a[1]]
20:10:58.973 [main] INFO  oct1_log4jframework.LogfileImpl - Trying to find Element By : By.xpath: //header/div[2]/div[1]/div[1]/nav[1]/div[2]/a[1]
20:10:59.057 [main] INFO  oct1_log4jframework.LogfileImpl - Found Element By : By.xpath: //header/div[2]/div[1]/div[1]/nav[1]/div[2]/a[1]
20:10:59.067 [main] INFO  oct1_log4jframework.LogfileImpl - Trying to click on: [[ChromeDriver: chrome on WINDOWS (99b44124b35ece2141c76c49d785ac18)] -> xpath: //header/div[2]/div[1]/div[1]/nav[1]/div[2]/a[1]]
20:11:00.729 [main] INFO  oct1_log4jframework.LogfileImpl - Clicked on: [[ChromeDriver: chrome on WINDOWS (99b44124b35ece2141c76c49d785ac18)] -> xpath: //header/div[2]/div[1]/div[1]/nav[1]/div[2]/a[1]]
20:34:39.840 [main] INFO  oct1_log4jframework.LogfileImpl - Trying to find Element By : By.xpath: //header/div[2]/div[1]/div[1]/nav[1]/div[2]/a[1]
20:34:39.889 [main] INFO  oct1_log4jframework.LogfileImpl - Found Element By : By.xpath: //header/div[2]/div[1]/div[1]/nav[1]/div[2]/a[1]
20:34:39.894 [main] INFO  oct1_log4jframework.LogfileImpl - Trying to click on: [[ChromeDriver: chrome on WINDOWS (437cba72456668aeeff1fbffacb00cda)] -> xpath: //header/div[2]/div[1]/div[1]/nav[1]/div[2]/a[1]]
20:34:41.959 [main] INFO  oct1_log4jframework.LogfileImpl - Clicked on: [[ChromeDriver: chrome on WINDOWS (437cba72456668aeeff1fbffacb00cda)] -> xpath: //header/div[2]/div[1]/div[1]/nav[1]/div[2]/a[1]]
20:34:41.959 [main] INFO  oct1_log4jframework.LogfileImpl - Trying to find Element By : By.xpath: //h1[contains(text(),'Customer service - Contact us')]
20:34:41.990 [main] INFO  oct1_log4jframework.LogfileImpl - Found Element By : By.xpath: //h1[contains(text(),'Customer service - Contact us')]
20:34:42.013 [main] INFO  oct1_log4jframework.LogfileImpl - Trying to find Element By : By.xpath: //select[@id='id_contact']
20:34:42.033 [main] INFO  oct1_log4jframework.LogfileImpl - Found Element By : By.xpath: //select[@id='id_contact']
20:34:42.142 [main] INFO  oct1_log4jframework.LogfileImpl - Trying to find Element By : By.xpath: //input[@id='email']
20:34:42.171 [main] INFO  oct1_log4jframework.LogfileImpl - Found Element By : By.xpath: //input[@id='email']
20:34:42.308 [main] INFO  oct1_log4jframework.LogfileImpl - Trying to find Element By : By.id: id_order
20:34:42.339 [main] INFO  oct1_log4jframework.LogfileImpl - Found Element By : By.id: id_order
20:34:42.440 [main] INFO  oct1_log4jframework.LogfileImpl - Trying to find Element By : By.xpath: //textarea[@id='message']
20:34:42.470 [main] INFO  oct1_log4jframework.LogfileImpl - Found Element By : By.xpath: //textarea[@id='message']
20:34:42.603 [main] INFO  oct1_log4jframework.LogfileImpl - Trying to find Element By : By.name: submitMessage
20:34:42.624 [main] INFO  oct1_log4jframework.LogfileImpl - Found Element By : By.name: submitMessage
20:34:42.625 [main] INFO  oct1_log4jframework.LogfileImpl - Trying to click on: [[ChromeDriver: chrome on WINDOWS (437cba72456668aeeff1fbffacb00cda)] -> name: submitMessage]
20:34:44.940 [main] INFO  oct1_log4jframework.LogfileImpl - Clicked on: [[ChromeDriver: chrome on WINDOWS (437cba72456668aeeff1fbffacb00cda)] -> name: submitMessage]
20:34:44.943 [main] INFO  oct1_log4jframework.LogfileImpl - Trying to find Element By : By.xpath: //p[contains(text(),'Your message has been successfully sent to our tea')]
20:34:44.963 [main] INFO  oct1_log4jframework.LogfileImpl - Found Element By : By.xpath: //p[contains(text(),'Your message has been successfully sent to our tea')]
20:34:44.991 [main] INFO  oct1_log4jframework.LogfileImpl - Trying to find Element By : By.xpath: //header/div[2]/div[1]/div[1]/nav[1]/div[2]/a[1]
20:34:45.011 [main] INFO  oct1_log4jframework.LogfileImpl - Found Element By : By.xpath: //header/div[2]/div[1]/div[1]/nav[1]/div[2]/a[1]
20:34:45.012 [main] INFO  oct1_log4jframework.LogfileImpl - Trying to click on: [[ChromeDriver: chrome on WINDOWS (437cba72456668aeeff1fbffacb00cda)] -> xpath: //header/div[2]/div[1]/div[1]/nav[1]/div[2]/a[1]]
20:34:46.670 [main] INFO  oct1_log4jframework.LogfileImpl - Clicked on: [[ChromeDriver: chrome on WINDOWS (437cba72456668aeeff1fbffacb00cda)] -> xpath: //header/div[2]/div[1]/div[1]/nav[1]/div[2]/a[1]]
20:34:49.321 [main] INFO  oct1_log4jframework.LogfileImpl - Trying to find Element By : By.xpath: //header/div[2]/div[1]/div[1]/nav[1]/div[2]/a[1]
20:34:49.360 [main] INFO  oct1_log4jframework.LogfileImpl - Found Element By : By.xpath: //header/div[2]/div[1]/div[1]/nav[1]/div[2]/a[1]
20:34:49.361 [main] INFO  oct1_log4jframework.LogfileImpl - Trying to click on: [[ChromeDriver: chrome on WINDOWS (437cba72456668aeeff1fbffacb00cda)] -> xpath: //header/div[2]/div[1]/div[1]/nav[1]/div[2]/a[1]]
20:34:50.758 [main] INFO  oct1_log4jframework.LogfileImpl - Clicked on: [[ChromeDriver: chrome on WINDOWS (437cba72456668aeeff1fbffacb00cda)] -> xpath: //header/div[2]/div[1]/div[1]/nav[1]/div[2]/a[1]]
20:34:50.758 [main] INFO  oct1_log4jframework.LogfileImpl - Trying to find Element By : By.xpath: //h1[contains(text(),'Customer service - Contact us')]
20:34:50.778 [main] INFO  oct1_log4jframework.LogfileImpl - Found Element By : By.xpath: //h1[contains(text(),'Customer service - Contact us')]
20:34:50.797 [main] INFO  oct1_log4jframework.LogfileImpl - Trying to find Element By : By.xpath: //select[@id='id_contact']
20:34:50.812 [main] INFO  oct1_log4jframework.LogfileImpl - Found Element By : By.xpath: //select[@id='id_contact']
20:34:50.907 [main] INFO  oct1_log4jframework.LogfileImpl - Trying to find Element By : By.xpath: //input[@id='email']
20:34:50.926 [main] INFO  oct1_log4jframework.LogfileImpl - Found Element By : By.xpath: //input[@id='email']
20:34:51.035 [main] INFO  oct1_log4jframework.LogfileImpl - Trying to find Element By : By.id: id_order
20:34:51.048 [main] INFO  oct1_log4jframework.LogfileImpl - Found Element By : By.id: id_order
20:34:51.135 [main] INFO  oct1_log4jframework.LogfileImpl - Trying to find Element By : By.name: submitMessage
20:34:51.151 [main] INFO  oct1_log4jframework.LogfileImpl - Found Element By : By.name: submitMessage
20:34:51.155 [main] INFO  oct1_log4jframework.LogfileImpl - Trying to click on: [[ChromeDriver: chrome on WINDOWS (437cba72456668aeeff1fbffacb00cda)] -> name: submitMessage]
20:34:52.640 [main] INFO  oct1_log4jframework.LogfileImpl - Clicked on: [[ChromeDriver: chrome on WINDOWS (437cba72456668aeeff1fbffacb00cda)] -> name: submitMessage]
20:34:52.641 [main] INFO  oct1_log4jframework.LogfileImpl - Trying to find Element By : By.xpath: //li[contains(text(),'The message cannot be blank.')]
20:34:52.666 [main] INFO  oct1_log4jframework.LogfileImpl - Found Element By : By.xpath: //li[contains(text(),'The message cannot be blank.')]
20:34:52.694 [main] INFO  oct1_log4jframework.LogfileImpl - Trying to find Element By : By.xpath: //header/div[2]/div[1]/div[1]/nav[1]/div[2]/a[1]
20:34:52.710 [main] INFO  oct1_log4jframework.LogfileImpl - Found Element By : By.xpath: //header/div[2]/div[1]/div[1]/nav[1]/div[2]/a[1]
20:34:52.710 [main] INFO  oct1_log4jframework.LogfileImpl - Trying to click on: [[ChromeDriver: chrome on WINDOWS (437cba72456668aeeff1fbffacb00cda)] -> xpath: //header/div[2]/div[1]/div[1]/nav[1]/div[2]/a[1]]
20:34:53.735 [main] INFO  oct1_log4jframework.LogfileImpl - Clicked on: [[ChromeDriver: chrome on WINDOWS (437cba72456668aeeff1fbffacb00cda)] -> xpath: //header/div[2]/div[1]/div[1]/nav[1]/div[2]/a[1]]
20:34:58.576 [main] INFO  oct1_log4jframework.LogfileImpl - Trying to find Element By : By.xpath: //header/div[2]/div[1]/div[1]/nav[1]/div[2]/a[1]
20:34:58.592 [main] INFO  oct1_log4jframework.LogfileImpl - Found Element By : By.xpath: //header/div[2]/div[1]/div[1]/nav[1]/div[2]/a[1]
20:34:58.592 [main] INFO  oct1_log4jframework.LogfileImpl - Trying to click on: [[ChromeDriver: chrome on WINDOWS (437cba72456668aeeff1fbffacb00cda)] -> xpath: //header/div[2]/div[1]/div[1]/nav[1]/div[2]/a[1]]
20:34:59.576 [main] INFO  oct1_log4jframework.LogfileImpl - Clicked on: [[ChromeDriver: chrome on WINDOWS (437cba72456668aeeff1fbffacb00cda)] -> xpath: //header/div[2]/div[1]/div[1]/nav[1]/div[2]/a[1]]
20:34:59.580 [main] INFO  oct1_log4jframework.LogfileImpl - Trying to find Element By : By.xpath: //h1[contains(text(),'Customer service - Contact us')]
20:34:59.593 [main] INFO  oct1_log4jframework.LogfileImpl - Found Element By : By.xpath: //h1[contains(text(),'Customer service - Contact us')]
20:34:59.612 [main] INFO  oct1_log4jframework.LogfileImpl - Trying to find Element By : By.xpath: //select[@id='id_contact']
20:34:59.625 [main] INFO  oct1_log4jframework.LogfileImpl - Found Element By : By.xpath: //select[@id='id_contact']
20:34:59.712 [main] INFO  oct1_log4jframework.LogfileImpl - Trying to find Element By : By.xpath: //input[@id='email']
20:34:59.725 [main] INFO  oct1_log4jframework.LogfileImpl - Found Element By : By.xpath: //input[@id='email']
20:34:59.833 [main] INFO  oct1_log4jframework.LogfileImpl - Trying to find Element By : By.id: id_order
20:34:59.847 [main] INFO  oct1_log4jframework.LogfileImpl - Found Element By : By.id: id_order
20:34:59.934 [main] INFO  oct1_log4jframework.LogfileImpl - Trying to find Element By : By.name: submitMessage
20:34:59.949 [main] INFO  oct1_log4jframework.LogfileImpl - Found Element By : By.name: submitMessage
20:34:59.949 [main] INFO  oct1_log4jframework.LogfileImpl - Trying to click on: [[ChromeDriver: chrome on WINDOWS (437cba72456668aeeff1fbffacb00cda)] -> name: submitMessage]
20:35:01.730 [main] INFO  oct1_log4jframework.LogfileImpl - Clicked on: [[ChromeDriver: chrome on WINDOWS (437cba72456668aeeff1fbffacb00cda)] -> name: submitMessage]
20:35:01.730 [main] INFO  oct1_log4jframework.LogfileImpl - Trying to find Element By : By.xpath: //li[contains(text(),'The message cannot be blank.')]
20:35:01.748 [main] INFO  oct1_log4jframework.LogfileImpl - Found Element By : By.xpath: //li[contains(text(),'The message cannot be blank.')]
20:35:01.772 [main] INFO  oct1_log4jframework.LogfileImpl - Trying to find Element By : By.xpath: //header/div[2]/div[1]/div[1]/nav[1]/div[2]/a[1]
20:35:01.791 [main] INFO  oct1_log4jframework.LogfileImpl - Found Element By : By.xpath: //header/div[2]/div[1]/div[1]/nav[1]/div[2]/a[1]
20:35:01.791 [main] INFO  oct1_log4jframework.LogfileImpl - Trying to click on: [[ChromeDriver: chrome on WINDOWS (437cba72456668aeeff1fbffacb00cda)] -> xpath: //header/div[2]/div[1]/div[1]/nav[1]/div[2]/a[1]]
20:35:03.232 [main] INFO  oct1_log4jframework.LogfileImpl - Clicked on: [[ChromeDriver: chrome on WINDOWS (437cba72456668aeeff1fbffacb00cda)] -> xpath: //header/div[2]/div[1]/div[1]/nav[1]/div[2]/a[1]]
20:35:06.303 [main] INFO  oct1_log4jframework.LogfileImpl - Trying to find Element By : By.xpath: //header/div[2]/div[1]/div[1]/nav[1]/div[2]/a[1]
20:35:06.320 [main] INFO  oct1_log4jframework.LogfileImpl - Found Element By : By.xpath: //header/div[2]/div[1]/div[1]/nav[1]/div[2]/a[1]
20:35:06.323 [main] INFO  oct1_log4jframework.LogfileImpl - Trying to click on: [[ChromeDriver: chrome on WINDOWS (437cba72456668aeeff1fbffacb00cda)] -> xpath: //header/div[2]/div[1]/div[1]/nav[1]/div[2]/a[1]]
20:35:07.301 [main] INFO  oct1_log4jframework.LogfileImpl - Clicked on: [[ChromeDriver: chrome on WINDOWS (437cba72456668aeeff1fbffacb00cda)] -> xpath: //header/div[2]/div[1]/div[1]/nav[1]/div[2]/a[1]]
20:35:07.301 [main] INFO  oct1_log4jframework.LogfileImpl - Trying to find Element By : By.xpath: //h1[contains(text(),'Customer service - Contact us')]
20:35:07.320 [main] INFO  oct1_log4jframework.LogfileImpl - Found Element By : By.xpath: //h1[contains(text(),'Customer service - Contact us')]
20:35:07.340 [main] INFO  oct1_log4jframework.LogfileImpl - Trying to find Element By : By.xpath: //select[@id='id_contact']
20:35:07.353 [main] INFO  oct1_log4jframework.LogfileImpl - Found Element By : By.xpath: //select[@id='id_contact']
20:35:07.445 [main] INFO  oct1_log4jframework.LogfileImpl - Trying to find Element By : By.id: id_order
20:35:07.461 [main] INFO  oct1_log4jframework.LogfileImpl - Found Element By : By.id: id_order
20:35:07.556 [main] INFO  oct1_log4jframework.LogfileImpl - Trying to find Element By : By.xpath: //textarea[@id='message']
20:35:07.575 [main] INFO  oct1_log4jframework.LogfileImpl - Found Element By : By.xpath: //textarea[@id='message']
20:35:07.705 [main] INFO  oct1_log4jframework.LogfileImpl - Trying to find Element By : By.name: submitMessage
20:35:07.724 [main] INFO  oct1_log4jframework.LogfileImpl - Found Element By : By.name: submitMessage
20:35:07.726 [main] INFO  oct1_log4jframework.LogfileImpl - Trying to click on: [[ChromeDriver: chrome on WINDOWS (437cba72456668aeeff1fbffacb00cda)] -> name: submitMessage]
20:35:08.689 [main] INFO  oct1_log4jframework.LogfileImpl - Clicked on: [[ChromeDriver: chrome on WINDOWS (437cba72456668aeeff1fbffacb00cda)] -> name: submitMessage]
20:35:08.689 [main] INFO  oct1_log4jframework.LogfileImpl - Trying to find Element By : By.xpath: //li[contains(text(),'Invalid email address.')]
20:35:08.712 [main] INFO  oct1_log4jframework.LogfileImpl - Found Element By : By.xpath: //li[contains(text(),'Invalid email address.')]
20:35:08.742 [main] INFO  oct1_log4jframework.LogfileImpl - Trying to find Element By : By.xpath: //header/div[2]/div[1]/div[1]/nav[1]/div[2]/a[1]
20:35:08.759 [main] INFO  oct1_log4jframework.LogfileImpl - Found Element By : By.xpath: //header/div[2]/div[1]/div[1]/nav[1]/div[2]/a[1]
20:35:08.760 [main] INFO  oct1_log4jframework.LogfileImpl - Trying to click on: [[ChromeDriver: chrome on WINDOWS (437cba72456668aeeff1fbffacb00cda)] -> xpath: //header/div[2]/div[1]/div[1]/nav[1]/div[2]/a[1]]
20:35:09.735 [main] INFO  oct1_log4jframework.LogfileImpl - Clicked on: [[ChromeDriver: chrome on WINDOWS (437cba72456668aeeff1fbffacb00cda)] -> xpath: //header/div[2]/div[1]/div[1]/nav[1]/div[2]/a[1]]
20:35:12.511 [main] INFO  oct1_log4jframework.LogfileImpl - Trying to find Element By : By.xpath: //header/div[2]/div[1]/div[1]/nav[1]/div[2]/a[1]
20:35:12.528 [main] INFO  oct1_log4jframework.LogfileImpl - Found Element By : By.xpath: //header/div[2]/div[1]/div[1]/nav[1]/div[2]/a[1]
20:35:12.528 [main] INFO  oct1_log4jframework.LogfileImpl - Trying to click on: [[ChromeDriver: chrome on WINDOWS (437cba72456668aeeff1fbffacb00cda)] -> xpath: //header/div[2]/div[1]/div[1]/nav[1]/div[2]/a[1]]
20:35:14.436 [main] INFO  oct1_log4jframework.LogfileImpl - Clicked on: [[ChromeDriver: chrome on WINDOWS (437cba72456668aeeff1fbffacb00cda)] -> xpath: //header/div[2]/div[1]/div[1]/nav[1]/div[2]/a[1]]
20:35:14.440 [main] INFO  oct1_log4jframework.LogfileImpl - Trying to find Element By : By.xpath: //h1[contains(text(),'Customer service - Contact us')]
20:35:14.453 [main] INFO  oct1_log4jframework.LogfileImpl - Found Element By : By.xpath: //h1[contains(text(),'Customer service - Contact us')]
20:35:14.473 [main] INFO  oct1_log4jframework.LogfileImpl - Trying to find Element By : By.xpath: //input[@id='email']
20:35:14.491 [main] INFO  oct1_log4jframework.LogfileImpl - Found Element By : By.xpath: //input[@id='email']
20:35:14.602 [main] INFO  oct1_log4jframework.LogfileImpl - Trying to find Element By : By.id: id_order
20:35:14.613 [main] INFO  oct1_log4jframework.LogfileImpl - Found Element By : By.id: id_order
20:35:14.692 [main] INFO  oct1_log4jframework.LogfileImpl - Trying to find Element By : By.xpath: //textarea[@id='message']
20:35:14.706 [main] INFO  oct1_log4jframework.LogfileImpl - Found Element By : By.xpath: //textarea[@id='message']
20:35:14.822 [main] INFO  oct1_log4jframework.LogfileImpl - Trying to find Element By : By.name: submitMessage
20:35:14.833 [main] INFO  oct1_log4jframework.LogfileImpl - Found Element By : By.name: submitMessage
20:35:14.834 [main] INFO  oct1_log4jframework.LogfileImpl - Trying to click on: [[ChromeDriver: chrome on WINDOWS (437cba72456668aeeff1fbffacb00cda)] -> name: submitMessage]
20:35:16.240 [main] INFO  oct1_log4jframework.LogfileImpl - Clicked on: [[ChromeDriver: chrome on WINDOWS (437cba72456668aeeff1fbffacb00cda)] -> name: submitMessage]
20:35:16.244 [main] INFO  oct1_log4jframework.LogfileImpl - Trying to find Element By : By.xpath: //li[contains(text(),'Please select a subject from the list provided.')]
20:35:16.262 [main] INFO  oct1_log4jframework.LogfileImpl - Found Element By : By.xpath: //li[contains(text(),'Please select a subject from the list provided.')]
20:35:16.283 [main] INFO  oct1_log4jframework.LogfileImpl - Trying to find Element By : By.xpath: //header/div[2]/div[1]/div[1]/nav[1]/div[2]/a[1]
20:35:16.298 [main] INFO  oct1_log4jframework.LogfileImpl - Found Element By : By.xpath: //header/div[2]/div[1]/div[1]/nav[1]/div[2]/a[1]
20:35:16.299 [main] INFO  oct1_log4jframework.LogfileImpl - Trying to click on: [[ChromeDriver: chrome on WINDOWS (437cba72456668aeeff1fbffacb00cda)] -> xpath: //header/div[2]/div[1]/div[1]/nav[1]/div[2]/a[1]]
20:35:17.861 [main] INFO  oct1_log4jframework.LogfileImpl - Clicked on: [[ChromeDriver: chrome on WINDOWS (437cba72456668aeeff1fbffacb00cda)] -> xpath: //header/div[2]/div[1]/div[1]/nav[1]/div[2]/a[1]]
